<?xml version="1.0" encoding="UTF-8"?>
<testsuites name="Add to Cart and Checkout" time="92.243" tests="3" failures="0" errors="0">
   <testsuite name="Add to Cart and Checkout" tests="3" failures="0" errors="0" time="92.243" skipped="0" timestamp="05-07-2025T17:31:12" hostname="Local_ - MSI" id="Test Suites/Add to Cart and Checkout">
      <properties>
         <property name="deviceName" value=""/>
         <property name="devicePlatform"/>
         <property name="logFolder" value="C:\\Users\\Local_\\OneDrive - RMIT University\\Semester folders\\2025_Sem_2\\Software_Testing\\KatalonProjects\\SoftwareTestSemB2025\\Reports\\20250705_173053\\Add to Cart and Checkout\\20250705_173053"/>
         <property name="logFiles" value="C:\\Users\\Local_\\OneDrive - RMIT University\\Semester folders\\2025_Sem_2\\Software_Testing\\KatalonProjects\\SoftwareTestSemB2025\\Reports\\20250705_173053\\Add to Cart and Checkout\\20250705_173053\\console0.log, C:\\Users\\Local_\\OneDrive - RMIT University\\Semester folders\\2025_Sem_2\\Software_Testing\\KatalonProjects\\SoftwareTestSemB2025\\Reports\\20250705_173053\\Add to Cart and Checkout\\20250705_173053\\execution0.log"/>
         <property name="attachments" value=""/>
         <property name="hostName" value="Local_ - MSI"/>
         <property name="os" value="Windows 10 64bit"/>
         <property name="katalonVersion" value="10.2.2.0"/>
         <property name="browser" value="Edge Chromium 138.0.3351.65"/>
         <property name="userFullName" value="Tran Kiem Phuc"/>
         <property name="hostAddress" value="192.168.56.1"/>
         <property name="sessionId" value="403ca9163cd5d70fc00aa01496d38797"/>
         <property name="projectName" value="PracticalTrainning"/>
         <property name="seleniumVersion" value="4.28.1"/>
         <property name="proxyInformation" value="ProxyInformation { proxyOption=NO_PROXY, proxyServerType=HTTP, username=, password=********, proxyServerAddress=, proxyServerPort=0, executionList=&quot;&quot;, isApplyToDesiredCapabilities=true }"/>
         <property name="platform" value="Windows 10"/>
      </properties>
      <testcase name="Test Cases/AddRemoveFromCart" time="55.73" classname="Test Cases/AddRemoveFromCart" status="PASSED">
         <system-out><![CDATA[05-07-2025T17:31:15 - [TEST_CASE][PASSED] - Test Cases/AddRemoveFromCart: Test Cases/AddRemoveFromCart

05-07-2025T17:31:17 - [TEST_STEP][PASSED] - openBrowser(""): Browser is opened with url: ''

05-07-2025T17:31:19 - [MESSAGE][INFO] - Starting 'Edge Chromium' driver

05-07-2025T17:31:19 - [MESSAGE][INFO] - Action delay is set to 0 milliseconds

05-07-2025T17:31:29 - [MESSAGE][PASSED] - Browser is opened with url: ''

05-07-2025T17:31:29 - [TEST_STEP][PASSED] - navigateToUrl("https://www.saucedemo.com/"): Navigate to 'https://www.saucedemo.com/' successfully

05-07-2025T17:31:30 - [MESSAGE][PASSED] - Navigate to 'https://www.saucedemo.com/' successfully

05-07-2025T17:31:30 - [TEST_STEP][PASSED] - setText(findTestObject("Object Repository/AddRemoveFromCart/Page_Swag Labs/input_Swag Labs_user-name"), "standard_user"): Text 'standard_user' is set on object 'Object Repository/AddRemoveFromCart/Page_Swag Labs/input_Swag Labs_user-name'

05-07-2025T17:31:33 - [MESSAGE][PASSED] - Text 'standard_user' is set on object 'Object Repository/AddRemoveFromCart/Page_Swag Labs/input_Swag Labs_user-name'

05-07-2025T17:31:33 - [TEST_STEP][PASSED] - setEncryptedText(findTestObject("Object Repository/AddRemoveFromCart/Page_Swag Labs/input_Swag Labs_password"), "qcu24s4901FyWDTwXGr6XA=="): Text ****** has been set on object 'Object Repository/AddRemoveFromCart/Page_Swag Labs/input_Swag Labs_password'

05-07-2025T17:31:34 - [MESSAGE][PASSED] - Text ****** has been set on object 'Object Repository/AddRemoveFromCart/Page_Swag Labs/input_Swag Labs_password'

05-07-2025T17:31:34 - [TEST_STEP][PASSED] - click(findTestObject("Object Repository/AddRemoveFromCart/Page_Swag Labs/input_Swag Labs_login-button")): Object: 'Object Repository/AddRemoveFromCart/Page_Swag Labs/input_Swag Labs_login-button' is clicked on

05-07-2025T17:31:35 - [MESSAGE][PASSED] - Object: 'Object Repository/AddRemoveFromCart/Page_Swag Labs/input_Swag Labs_login-button' is clicked on

05-07-2025T17:31:35 - [TEST_STEP][PASSED] - click(findTestObject("Object Repository/AddRemoveFromCart/Page_Swag Labs/button_Add to cart")): Object: 'Object Repository/AddRemoveFromCart/Page_Swag Labs/button_Add to cart' is clicked on

05-07-2025T17:31:36 - [MESSAGE][PASSED] - Object: 'Object Repository/AddRemoveFromCart/Page_Swag Labs/button_Add to cart' is clicked on

05-07-2025T17:31:36 - [TEST_STEP][PASSED] - click(findTestObject("Object Repository/AddRemoveFromCart/Page_Swag Labs/button_Add to cart_1")): Object: 'Object Repository/AddRemoveFromCart/Page_Swag Labs/button_Add to cart_1' is clicked on

05-07-2025T17:31:36 - [MESSAGE][PASSED] - Object: 'Object Repository/AddRemoveFromCart/Page_Swag Labs/button_Add to cart_1' is clicked on

05-07-2025T17:31:36 - [TEST_STEP][PASSED] - click(findTestObject("Object Repository/AddRemoveFromCart/Page_Swag Labs/a_2")): Object: 'Object Repository/AddRemoveFromCart/Page_Swag Labs/a_2' is clicked on

05-07-2025T17:31:37 - [MESSAGE][PASSED] - Object: 'Object Repository/AddRemoveFromCart/Page_Swag Labs/a_2' is clicked on

05-07-2025T17:31:37 - [TEST_STEP][PASSED] - click(findTestObject("Object Repository/AddRemoveFromCart/Page_Swag Labs/div_1Sauce Labs Backpackcarry.allTheThings(_948477")): Object: 'Object Repository/AddRemoveFromCart/Page_Swag Labs/div_1Sauce Labs Backpackcarry.allTheThings(_948477' is clicked on

05-07-2025T17:31:37 - [MESSAGE][PASSED] - Object: 'Object Repository/AddRemoveFromCart/Page_Swag Labs/div_1Sauce Labs Backpackcarry.allTheThings(_948477' is clicked on

05-07-2025T17:31:37 - [TEST_STEP][PASSED] - click(findTestObject("Object Repository/AddRemoveFromCart/Page_Swag Labs/div_1Sauce Labs Bike LightA red light isnt _8993d8")): Object: 'Object Repository/AddRemoveFromCart/Page_Swag Labs/div_1Sauce Labs Bike LightA red light isnt _8993d8' is clicked on

05-07-2025T17:31:38 - [MESSAGE][PASSED] - Object: 'Object Repository/AddRemoveFromCart/Page_Swag Labs/div_1Sauce Labs Bike LightA red light isnt _8993d8' is clicked on

05-07-2025T17:31:38 - [TEST_STEP][PASSED] - verifyElementVisible(findTestObject("AddRemoveFromCart/Page_Swag Labs/div_1Sauce Labs Bike LightA red light isnt _8993d8")): Object 'Object Repository/AddRemoveFromCart/Page_Swag Labs/div_1Sauce Labs Bike LightA red light isnt _8993d8' is visible

05-07-2025T17:31:38 - [MESSAGE][PASSED] - Object 'Object Repository/AddRemoveFromCart/Page_Swag Labs/div_1Sauce Labs Bike LightA red light isnt _8993d8' is visible

05-07-2025T17:31:38 - [TEST_STEP][PASSED] - verifyElementVisible(findTestObject("AddRemoveFromCart/Page_Swag Labs/div_1Sauce Labs Backpackcarry.allTheThings(_948477")): Object 'Object Repository/AddRemoveFromCart/Page_Swag Labs/div_1Sauce Labs Backpackcarry.allTheThings(_948477' is visible

05-07-2025T17:31:38 - [MESSAGE][PASSED] - Object 'Object Repository/AddRemoveFromCart/Page_Swag Labs/div_1Sauce Labs Backpackcarry.allTheThings(_948477' is visible

05-07-2025T17:31:38 - [TEST_STEP][PASSED] - verifyElementText(findTestObject("AddRemoveFromCart/Page_Swag Labs/a_2"), "2"): Actual text and expected text of test object 'Object Repository/AddRemoveFromCart/Page_Swag Labs/a_2' are matched.

05-07-2025T17:31:39 - [MESSAGE][PASSED] - Actual text and expected text of test object 'Object Repository/AddRemoveFromCart/Page_Swag Labs/a_2' are matched.

05-07-2025T17:31:39 - [TEST_STEP][PASSED] - click(findTestObject("Object Repository/AddRemoveFromCart/Page_Swag Labs/button_Remove")): Object: 'Object Repository/AddRemoveFromCart/Page_Swag Labs/button_Remove' is clicked on

05-07-2025T17:31:39 - [MESSAGE][PASSED] - Object: 'Object Repository/AddRemoveFromCart/Page_Swag Labs/button_Remove' is clicked on

05-07-2025T17:31:39 - [TEST_STEP][PASSED] - click(findTestObject("Object Repository/AddRemoveFromCart/Page_Swag Labs/div_1Sauce Labs Bike LightA red light isnt _8993d8")): Object: 'Object Repository/AddRemoveFromCart/Page_Swag Labs/div_1Sauce Labs Bike LightA red light isnt _8993d8' is clicked on

05-07-2025T17:31:40 - [MESSAGE][PASSED] - Object: 'Object Repository/AddRemoveFromCart/Page_Swag Labs/div_1Sauce Labs Bike LightA red light isnt _8993d8' is clicked on

05-07-2025T17:31:40 - [TEST_STEP][WARNING] - waitForElementNotPresent(findTestObject("AddRemoveFromCart/Page_Swag Labs/div_1Sauce Labs Backpackcarry.allTheThings(_948477"), 0): Web element with id: 'Object Repository/AddRemoveFromCart/Page_Swag Labs/div_1Sauce Labs Backpackcarry.allTheThings(_948477' located by 'By.xpath: //div[@id='cart_contents_container']/div/div/div[3]' is present after '30' second(s)

05-07-2025T17:31:40 - [MESSAGE][WARNING] - Timeout '0' is invalid. Using default page load timeout: '30'

05-07-2025T17:32:10 - [MESSAGE][WARNING] - Web element with id: 'Object Repository/AddRemoveFromCart/Page_Swag Labs/div_1Sauce Labs Backpackcarry.allTheThings(_948477' located by 'By.xpath: //div[@id='cart_contents_container']/div/div/div[3]' is present after '30' second(s)

05-07-2025T17:32:10 - [TEST_STEP][PASSED] - verifyElementNotVisible(findTestObject("AddRemoveFromCart/Page_Swag Labs/div_1Sauce Labs Backpackcarry.allTheThings(_948477")): Object 'Object Repository/AddRemoveFromCart/Page_Swag Labs/div_1Sauce Labs Backpackcarry.allTheThings(_948477' is NOT visible

05-07-2025T17:32:11 - [MESSAGE][PASSED] - Object 'Object Repository/AddRemoveFromCart/Page_Swag Labs/div_1Sauce Labs Backpackcarry.allTheThings(_948477' is NOT visible]]></system-out>
         <system-err><![CDATA[]]></system-err>
      </testcase>
      <testcase name="Test Cases/CompleteCheckout" time="19.073" classname="Test Cases/CompleteCheckout" status="PASSED">
         <system-out><![CDATA[05-07-2025T17:32:11 - [TEST_CASE][PASSED] - Test Cases/CompleteCheckout: Test Cases/CompleteCheckout

05-07-2025T17:32:11 - [TEST_STEP][PASSED] - openBrowser(""): Browser is opened with url: ''

05-07-2025T17:32:11 - [MESSAGE][WARNING] - A browser is already opened. Closing browser and opening a new one

05-07-2025T17:32:12 - [MESSAGE][INFO] - Starting 'Edge Chromium' driver

05-07-2025T17:32:12 - [MESSAGE][INFO] - Action delay is set to 0 milliseconds

05-07-2025T17:32:16 - [MESSAGE][PASSED] - Browser is opened with url: ''

05-07-2025T17:32:16 - [TEST_STEP][PASSED] - navigateToUrl("https://www.saucedemo.com/"): Navigate to 'https://www.saucedemo.com/' successfully

05-07-2025T17:32:17 - [MESSAGE][PASSED] - Navigate to 'https://www.saucedemo.com/' successfully

05-07-2025T17:32:17 - [TEST_STEP][PASSED] - setText(findTestObject("Object Repository/CompleteCheckout/Page_Swag Labs/input_Swag Labs_user-name"), "standard_user"): Text 'standard_user' is set on object 'Object Repository/CompleteCheckout/Page_Swag Labs/input_Swag Labs_user-name'

05-07-2025T17:32:19 - [MESSAGE][PASSED] - Text 'standard_user' is set on object 'Object Repository/CompleteCheckout/Page_Swag Labs/input_Swag Labs_user-name'

05-07-2025T17:32:19 - [TEST_STEP][PASSED] - setEncryptedText(findTestObject("Object Repository/CompleteCheckout/Page_Swag Labs/input_Swag Labs_password"), "qcu24s4901FyWDTwXGr6XA=="): Text ****** has been set on object 'Object Repository/CompleteCheckout/Page_Swag Labs/input_Swag Labs_password'

05-07-2025T17:32:20 - [MESSAGE][PASSED] - Text ****** has been set on object 'Object Repository/CompleteCheckout/Page_Swag Labs/input_Swag Labs_password'

05-07-2025T17:32:20 - [TEST_STEP][PASSED] - sendKeys(findTestObject("Object Repository/CompleteCheckout/Page_Swag Labs/input_Swag Labs_password"), Keys.chord(ENTER)): Keys 'ENTER + ' sent to object: 'Object Repository/CompleteCheckout/Page_Swag Labs/input_Swag Labs_password'

05-07-2025T17:32:20 - [MESSAGE][PASSED] - Keys 'ENTER + ' sent to object: 'Object Repository/CompleteCheckout/Page_Swag Labs/input_Swag Labs_password'

05-07-2025T17:32:20 - [TEST_STEP][PASSED] - click(findTestObject("Object Repository/CompleteCheckout/Page_Swag Labs/button_Add to cart")): Object: 'Object Repository/CompleteCheckout/Page_Swag Labs/button_Add to cart' is clicked on

05-07-2025T17:32:21 - [MESSAGE][PASSED] - Object: 'Object Repository/CompleteCheckout/Page_Swag Labs/button_Add to cart' is clicked on

05-07-2025T17:32:21 - [TEST_STEP][PASSED] - click(findTestObject("Object Repository/CompleteCheckout/Page_Swag Labs/a_1")): Object: 'Object Repository/CompleteCheckout/Page_Swag Labs/a_1' is clicked on

05-07-2025T17:32:22 - [MESSAGE][PASSED] - Object: 'Object Repository/CompleteCheckout/Page_Swag Labs/a_1' is clicked on

05-07-2025T17:32:22 - [TEST_STEP][PASSED] - click(findTestObject("Object Repository/CompleteCheckout/Page_Swag Labs/button_Checkout")): Object: 'Object Repository/CompleteCheckout/Page_Swag Labs/button_Checkout' is clicked on

05-07-2025T17:32:23 - [MESSAGE][PASSED] - Object: 'Object Repository/CompleteCheckout/Page_Swag Labs/button_Checkout' is clicked on

05-07-2025T17:32:23 - [TEST_STEP][PASSED] - setText(findTestObject("Object Repository/CompleteCheckout/Page_Swag Labs/input_Checkout Your Information_firstName"), "John"): Text 'John' is set on object 'Object Repository/CompleteCheckout/Page_Swag Labs/input_Checkout Your Information_firstName'

05-07-2025T17:32:23 - [MESSAGE][PASSED] - Text 'John' is set on object 'Object Repository/CompleteCheckout/Page_Swag Labs/input_Checkout Your Information_firstName'

05-07-2025T17:32:23 - [TEST_STEP][PASSED] - setText(findTestObject("Object Repository/CompleteCheckout/Page_Swag Labs/input_Checkout Your Information_lastName"), "Doe"): Text 'Doe' is set on object 'Object Repository/CompleteCheckout/Page_Swag Labs/input_Checkout Your Information_lastName'

05-07-2025T17:32:24 - [MESSAGE][PASSED] - Text 'Doe' is set on object 'Object Repository/CompleteCheckout/Page_Swag Labs/input_Checkout Your Information_lastName'

05-07-2025T17:32:24 - [TEST_STEP][PASSED] - setText(findTestObject("Object Repository/CompleteCheckout/Page_Swag Labs/input_Checkout Your Information_postalCode"), "12345"): Text '12345' is set on object 'Object Repository/CompleteCheckout/Page_Swag Labs/input_Checkout Your Information_postalCode'

05-07-2025T17:32:25 - [MESSAGE][PASSED] - Text '12345' is set on object 'Object Repository/CompleteCheckout/Page_Swag Labs/input_Checkout Your Information_postalCode'

05-07-2025T17:32:25 - [TEST_STEP][PASSED] - click(findTestObject("Object Repository/CompleteCheckout/Page_Swag Labs/input_Cancel_continue")): Object: 'Object Repository/CompleteCheckout/Page_Swag Labs/input_Cancel_continue' is clicked on

05-07-2025T17:32:26 - [MESSAGE][PASSED] - Object: 'Object Repository/CompleteCheckout/Page_Swag Labs/input_Cancel_continue' is clicked on

05-07-2025T17:32:26 - [TEST_STEP][PASSED] - click(findTestObject("Object Repository/CompleteCheckout/Page_Swag Labs/button_Finish")): Object: 'Object Repository/CompleteCheckout/Page_Swag Labs/button_Finish' is clicked on

05-07-2025T17:32:27 - [MESSAGE][PASSED] - Object: 'Object Repository/CompleteCheckout/Page_Swag Labs/button_Finish' is clicked on

05-07-2025T17:32:27 - [TEST_STEP][PASSED] - click(findTestObject("Object Repository/CompleteCheckout/Page_Swag Labs/h2_Thank you for your order")): Object: 'Object Repository/CompleteCheckout/Page_Swag Labs/h2_Thank you for your order' is clicked on

05-07-2025T17:32:27 - [MESSAGE][PASSED] - Object: 'Object Repository/CompleteCheckout/Page_Swag Labs/h2_Thank you for your order' is clicked on

05-07-2025T17:32:27 - [TEST_STEP][PASSED] - click(findTestObject("Object Repository/CompleteCheckout/Page_Swag Labs/div_Your order has been dispatched, and wil_39390f")): Object: 'Object Repository/CompleteCheckout/Page_Swag Labs/div_Your order has been dispatched, and wil_39390f' is clicked on

05-07-2025T17:32:27 - [MESSAGE][PASSED] - Object: 'Object Repository/CompleteCheckout/Page_Swag Labs/div_Your order has been dispatched, and wil_39390f' is clicked on

05-07-2025T17:32:27 - [TEST_STEP][PASSED] - click(findTestObject("Object Repository/CompleteCheckout/Page_Swag Labs/img_Checkout Complete_pony_express")): Object: 'Object Repository/CompleteCheckout/Page_Swag Labs/img_Checkout Complete_pony_express' is clicked on

05-07-2025T17:32:28 - [MESSAGE][PASSED] - Object: 'Object Repository/CompleteCheckout/Page_Swag Labs/img_Checkout Complete_pony_express' is clicked on

05-07-2025T17:32:28 - [TEST_STEP][PASSED] - message = getText(findTestObject("CompleteCheckout/Page_Swag Labs/h2_Thank you for your order")): Text of object 'Object Repository/CompleteCheckout/Page_Swag Labs/h2_Thank you for your order' is: 'Thank you for your order!'

05-07-2025T17:32:30 - [MESSAGE][PASSED] - Text of object 'Object Repository/CompleteCheckout/Page_Swag Labs/h2_Thank you for your order' is: 'Thank you for your order!'

05-07-2025T17:32:30 - [TEST_STEP][PASSED] - verifyMatch(message, "Thank you for your order!", true): Actual text 'Thank you for your order!' and expected text 'Thank you for your order!' are matched  using regular expression

05-07-2025T17:32:30 - [MESSAGE][PASSED] - Actual text 'Thank you for your order!' and expected text 'Thank you for your order!' are matched  using regular expression]]></system-out>
         <system-err><![CDATA[]]></system-err>
      </testcase>
      <testcase name="Test Cases/CheckoutValidationError" time="14.528" classname="Test Cases/CheckoutValidationError" status="PASSED">
         <system-out><![CDATA[05-07-2025T17:32:30 - [TEST_CASE][PASSED] - Test Cases/CheckoutValidationError: Test Cases/CheckoutValidationError

05-07-2025T17:32:30 - [TEST_STEP][PASSED] - openBrowser(""): Browser is opened with url: ''

05-07-2025T17:32:30 - [MESSAGE][WARNING] - A browser is already opened. Closing browser and opening a new one

05-07-2025T17:32:32 - [MESSAGE][INFO] - Starting 'Edge Chromium' driver

05-07-2025T17:32:32 - [MESSAGE][INFO] - Action delay is set to 0 milliseconds

05-07-2025T17:32:36 - [MESSAGE][PASSED] - Browser is opened with url: ''

05-07-2025T17:32:36 - [TEST_STEP][PASSED] - navigateToUrl("https://www.saucedemo.com/"): Navigate to 'https://www.saucedemo.com/' successfully

05-07-2025T17:32:36 - [MESSAGE][PASSED] - Navigate to 'https://www.saucedemo.com/' successfully

05-07-2025T17:32:36 - [TEST_STEP][PASSED] - click(findTestObject("Object Repository/CheckoutValidationError/Page_Swag Labs/div_Swag Labs_login_button_container")): Object: 'Object Repository/CheckoutValidationError/Page_Swag Labs/div_Swag Labs_login_button_container' is clicked on

05-07-2025T17:32:39 - [MESSAGE][PASSED] - Object: 'Object Repository/CheckoutValidationError/Page_Swag Labs/div_Swag Labs_login_button_container' is clicked on

05-07-2025T17:32:39 - [TEST_STEP][PASSED] - setText(findTestObject("Object Repository/CheckoutValidationError/Page_Swag Labs/input_Swag Labs_user-name"), "standard_user"): Text 'standard_user' is set on object 'Object Repository/CheckoutValidationError/Page_Swag Labs/input_Swag Labs_user-name'

05-07-2025T17:32:40 - [MESSAGE][PASSED] - Text 'standard_user' is set on object 'Object Repository/CheckoutValidationError/Page_Swag Labs/input_Swag Labs_user-name'

05-07-2025T17:32:40 - [TEST_STEP][PASSED] - setEncryptedText(findTestObject("Object Repository/CheckoutValidationError/Page_Swag Labs/input_Swag Labs_password"), "qcu24s4901FyWDTwXGr6XA=="): Text ****** has been set on object 'Object Repository/CheckoutValidationError/Page_Swag Labs/input_Swag Labs_password'

05-07-2025T17:32:40 - [MESSAGE][PASSED] - Text ****** has been set on object 'Object Repository/CheckoutValidationError/Page_Swag Labs/input_Swag Labs_password'

05-07-2025T17:32:40 - [TEST_STEP][PASSED] - sendKeys(findTestObject("Object Repository/CheckoutValidationError/Page_Swag Labs/input_Swag Labs_password"), Keys.chord(ENTER)): Keys 'ENTER + ' sent to object: 'Object Repository/CheckoutValidationError/Page_Swag Labs/input_Swag Labs_password'

05-07-2025T17:32:40 - [MESSAGE][PASSED] - Keys 'ENTER + ' sent to object: 'Object Repository/CheckoutValidationError/Page_Swag Labs/input_Swag Labs_password'

05-07-2025T17:32:40 - [TEST_STEP][PASSED] - click(findTestObject("Object Repository/CheckoutValidationError/Page_Swag Labs/button_Add to cart")): Object: 'Object Repository/CheckoutValidationError/Page_Swag Labs/button_Add to cart' is clicked on

05-07-2025T17:32:41 - [MESSAGE][PASSED] - Object: 'Object Repository/CheckoutValidationError/Page_Swag Labs/button_Add to cart' is clicked on

05-07-2025T17:32:41 - [TEST_STEP][PASSED] - click(findTestObject("Object Repository/CheckoutValidationError/Page_Swag Labs/a_1")): Object: 'Object Repository/CheckoutValidationError/Page_Swag Labs/a_1' is clicked on

05-07-2025T17:32:41 - [MESSAGE][PASSED] - Object: 'Object Repository/CheckoutValidationError/Page_Swag Labs/a_1' is clicked on

05-07-2025T17:32:41 - [TEST_STEP][PASSED] - click(findTestObject("Object Repository/CheckoutValidationError/Page_Swag Labs/button_Checkout")): Object: 'Object Repository/CheckoutValidationError/Page_Swag Labs/button_Checkout' is clicked on

05-07-2025T17:32:42 - [MESSAGE][PASSED] - Object: 'Object Repository/CheckoutValidationError/Page_Swag Labs/button_Checkout' is clicked on

05-07-2025T17:32:42 - [TEST_STEP][PASSED] - click(findTestObject("Object Repository/CheckoutValidationError/Page_Swag Labs/input_Cancel_continue")): Object: 'Object Repository/CheckoutValidationError/Page_Swag Labs/input_Cancel_continue' is clicked on

05-07-2025T17:32:42 - [MESSAGE][PASSED] - Object: 'Object Repository/CheckoutValidationError/Page_Swag Labs/input_Cancel_continue' is clicked on

05-07-2025T17:32:42 - [TEST_STEP][PASSED] - click(findTestObject("Object Repository/CheckoutValidationError/Page_Swag Labs/h3_Error First Name is required")): Object: 'Object Repository/CheckoutValidationError/Page_Swag Labs/h3_Error First Name is required' is clicked on

05-07-2025T17:32:43 - [MESSAGE][PASSED] - Object: 'Object Repository/CheckoutValidationError/Page_Swag Labs/h3_Error First Name is required' is clicked on

05-07-2025T17:32:43 - [TEST_STEP][PASSED] - h3Error = getText(findTestObject("Object Repository/CheckoutValidationError/Page_Swag Labs/h3_Error First Name is required")): Text of object 'Object Repository/CheckoutValidationError/Page_Swag Labs/h3_Error First Name is required' is: 'Error: First Name is required'

05-07-2025T17:32:43 - [MESSAGE][PASSED] - Text of object 'Object Repository/CheckoutValidationError/Page_Swag Labs/h3_Error First Name is required' is: 'Error: First Name is required'

05-07-2025T17:32:43 - [TEST_STEP][PASSED] - click(findTestObject("Object Repository/CheckoutValidationError/Page_Swag Labs/div_Error First Name is required")): Object: 'Object Repository/CheckoutValidationError/Page_Swag Labs/div_Error First Name is required' is clicked on

05-07-2025T17:32:44 - [MESSAGE][PASSED] - Object: 'Object Repository/CheckoutValidationError/Page_Swag Labs/div_Error First Name is required' is clicked on

05-07-2025T17:32:44 - [TEST_STEP][PASSED] - divError = getText(findTestObject("Object Repository/CheckoutValidationError/Page_Swag Labs/h3_Error First Name is required")): Text of object 'Object Repository/CheckoutValidationError/Page_Swag Labs/h3_Error First Name is required' is: 'Error: First Name is required'

05-07-2025T17:32:44 - [MESSAGE][PASSED] - Text of object 'Object Repository/CheckoutValidationError/Page_Swag Labs/h3_Error First Name is required' is: 'Error: First Name is required'

05-07-2025T17:32:44 - [TEST_STEP][PASSED] - click(findTestObject("Object Repository/CheckoutValidationError/Page_Swag Labs/button_Error First Name is required_error-button")): Object: 'Object Repository/CheckoutValidationError/Page_Swag Labs/button_Error First Name is required_error-button' is clicked on

05-07-2025T17:32:44 - [MESSAGE][PASSED] - Object: 'Object Repository/CheckoutValidationError/Page_Swag Labs/button_Error First Name is required_error-button' is clicked on

05-07-2025T17:32:44 - [TEST_STEP][PASSED] - verifyMatch(h3Error, "Error: First Name is required", true): Actual text 'Error: First Name is required' and expected text 'Error: First Name is required' are matched  using regular expression

05-07-2025T17:32:44 - [MESSAGE][PASSED] - Actual text 'Error: First Name is required' and expected text 'Error: First Name is required' are matched  using regular expression

05-07-2025T17:32:44 - [TEST_STEP][PASSED] - println(h3Error): null

05-07-2025T17:32:44 - [TEST_STEP][PASSED] - println(divError): null

05-07-2025T17:32:44 - [TEST_STEP][PASSED] - verifyMatch(divError, "Error: First Name is required", true): Actual text 'Error: First Name is required' and expected text 'Error: First Name is required' are matched  using regular expression

05-07-2025T17:32:44 - [MESSAGE][PASSED] - Actual text 'Error: First Name is required' and expected text 'Error: First Name is required' are matched  using regular expression]]></system-out>
         <system-err><![CDATA[]]></system-err>
      </testcase>
      <system-out><![CDATA[05-07-2025T17:31:12 - [TEST_SUITE][PASSED] - Add to Cart and Checkout: Test Cases/CheckoutValidationError]]></system-out>
      <system-err><![CDATA[]]></system-err>
   </testsuite>
</testsuites>
