<?xml version="1.0" encoding="UTF-8"?>
<testsuites name="Login and Logout" time="213.055" tests="3" failures="0" errors="0">
   <testsuite name="Login and Logout" tests="3" failures="0" errors="0" time="213.055" skipped="0" timestamp="05-07-2025T17:31:02" hostname="Local_ - MSI" id="Test Suites/Login and Logout">
      <properties>
         <property name="deviceName" value=""/>
         <property name="devicePlatform"/>
         <property name="logFolder" value="C:\\Users\\Local_\\OneDrive - RMIT University\\Semester folders\\2025_Sem_2\\Software_Testing\\KatalonProjects\\SoftwareTestSemB2025\\Reports\\20250705_173046\\Login and Logout\\20250705_173046"/>
         <property name="logFiles" value="C:\\Users\\Local_\\OneDrive - RMIT University\\Semester folders\\2025_Sem_2\\Software_Testing\\KatalonProjects\\SoftwareTestSemB2025\\Reports\\20250705_173046\\Login and Logout\\20250705_173046\\console0.log, C:\\Users\\Local_\\OneDrive - RMIT University\\Semester folders\\2025_Sem_2\\Software_Testing\\KatalonProjects\\SoftwareTestSemB2025\\Reports\\20250705_173046\\Login and Logout\\20250705_173046\\execution0.log"/>
         <property name="attachments" value=""/>
         <property name="hostName" value="Local_ - MSI"/>
         <property name="os" value="Windows 10 64bit"/>
         <property name="katalonVersion" value="10.2.2.0"/>
         <property name="browser" value="Edge Chromium 138.0.3351.65"/>
         <property name="userFullName" value="Tran Kiem Phuc"/>
         <property name="hostAddress" value="192.168.56.1"/>
         <property name="sessionId" value="0b3e1b35731e41cf1bc3753eacdb1caa"/>
         <property name="projectName" value="PracticalTrainning"/>
         <property name="seleniumVersion" value="4.28.1"/>
         <property name="proxyInformation" value="ProxyInformation { proxyOption=NO_PROXY, proxyServerType=HTTP, username=, password=********, proxyServerAddress=, proxyServerPort=0, executionList=&quot;&quot;, isApplyToDesiredCapabilities=true }"/>
         <property name="platform" value="Windows 10"/>
      </properties>
      <testcase name="Test Cases/Logout" time="18.616" classname="Test Cases/Logout" status="PASSED">
         <system-out><![CDATA[05-07-2025T17:31:04 - [TEST_CASE][PASSED] - Test Cases/Logout: Test Cases/Logout

05-07-2025T17:31:05 - [TEST_STEP][PASSED] - openBrowser(""): Browser is opened with url: ''

05-07-2025T17:31:06 - [MESSAGE][INFO] - Starting 'Edge Chromium' driver

05-07-2025T17:31:07 - [MESSAGE][INFO] - Action delay is set to 0 milliseconds

05-07-2025T17:31:13 - [MESSAGE][PASSED] - Browser is opened with url: ''

05-07-2025T17:31:13 - [TEST_STEP][PASSED] - navigateToUrl("https://www.saucedemo.com/"): Navigate to 'https://www.saucedemo.com/' successfully

05-07-2025T17:31:14 - [MESSAGE][PASSED] - Navigate to 'https://www.saucedemo.com/' successfully

05-07-2025T17:31:14 - [TEST_STEP][PASSED] - setText(findTestObject("Object Repository/Logout/Page_Swag Labs/input_Swag Labs_user-name"), "standard_user"): Text 'standard_user' is set on object 'Object Repository/Logout/Page_Swag Labs/input_Swag Labs_user-name'

05-07-2025T17:31:18 - [MESSAGE][PASSED] - Text 'standard_user' is set on object 'Object Repository/Logout/Page_Swag Labs/input_Swag Labs_user-name'

05-07-2025T17:31:18 - [TEST_STEP][PASSED] - setEncryptedText(findTestObject("Object Repository/Logout/Page_Swag Labs/input_Swag Labs_password"), "qcu24s4901FyWDTwXGr6XA=="): Text ****** has been set on object 'Object Repository/Logout/Page_Swag Labs/input_Swag Labs_password'

05-07-2025T17:31:19 - [MESSAGE][PASSED] - Text ****** has been set on object 'Object Repository/Logout/Page_Swag Labs/input_Swag Labs_password'

05-07-2025T17:31:19 - [TEST_STEP][PASSED] - click(findTestObject("Object Repository/Logout/Page_Swag Labs/input_Swag Labs_login-button")): Object: 'Object Repository/Logout/Page_Swag Labs/input_Swag Labs_login-button' is clicked on

05-07-2025T17:31:19 - [MESSAGE][PASSED] - Object: 'Object Repository/Logout/Page_Swag Labs/input_Swag Labs_login-button' is clicked on

05-07-2025T17:31:19 - [TEST_STEP][PASSED] - click(findTestObject("Object Repository/Logout/Page_Swag Labs/button_Open Menu")): Object: 'Object Repository/Logout/Page_Swag Labs/button_Open Menu' is clicked on

05-07-2025T17:31:20 - [MESSAGE][PASSED] - Object: 'Object Repository/Logout/Page_Swag Labs/button_Open Menu' is clicked on

05-07-2025T17:31:20 - [TEST_STEP][PASSED] - click(findTestObject("Object Repository/Logout/Page_Swag Labs/a_Logout")): Object: 'Object Repository/Logout/Page_Swag Labs/a_Logout' is clicked on

05-07-2025T17:31:20 - [MESSAGE][PASSED] - Object: 'Object Repository/Logout/Page_Swag Labs/a_Logout' is clicked on

05-07-2025T17:31:20 - [TEST_STEP][PASSED] - click(findTestObject("Object Repository/Logout/Page_Swag Labs/div_Swag Labs_login_button_container")): Object: 'Object Repository/Logout/Page_Swag Labs/div_Swag Labs_login_button_container' is clicked on

05-07-2025T17:31:21 - [MESSAGE][PASSED] - Object: 'Object Repository/Logout/Page_Swag Labs/div_Swag Labs_login_button_container' is clicked on

05-07-2025T17:31:21 - [TEST_STEP][PASSED] - click(findTestObject("Object Repository/Logout/Page_Swag Labs/div_Swag Labs_login_wrapper-inner")): Object: 'Object Repository/Logout/Page_Swag Labs/div_Swag Labs_login_wrapper-inner' is clicked on

05-07-2025T17:31:21 - [MESSAGE][PASSED] - Object: 'Object Repository/Logout/Page_Swag Labs/div_Swag Labs_login_wrapper-inner' is clicked on

05-07-2025T17:31:21 - [TEST_STEP][PASSED] - click(findTestObject("Object Repository/Logout/Page_Swag Labs/div_Accepted usernames arestandard_userlock_0d4679")): Object: 'Object Repository/Logout/Page_Swag Labs/div_Accepted usernames arestandard_userlock_0d4679' is clicked on

05-07-2025T17:31:22 - [MESSAGE][PASSED] - Object: 'Object Repository/Logout/Page_Swag Labs/div_Accepted usernames arestandard_userlock_0d4679' is clicked on

05-07-2025T17:31:22 - [TEST_STEP][PASSED] - verifyElementVisible(findTestObject("Logout/Page_Swag Labs/div_Accepted usernames arestandard_userlock_0d4679")): Object 'Object Repository/Logout/Page_Swag Labs/div_Accepted usernames arestandard_userlock_0d4679' is visible

05-07-2025T17:31:22 - [MESSAGE][PASSED] - Object 'Object Repository/Logout/Page_Swag Labs/div_Accepted usernames arestandard_userlock_0d4679' is visible]]></system-out>
         <system-err><![CDATA[]]></system-err>
      </testcase>
      <testcase name="Test Cases/SuccessfulLogin" time="16.244" classname="Test Cases/SuccessfulLogin" status="PASSED">
         <system-out><![CDATA[05-07-2025T17:31:22 - [TEST_CASE][PASSED] - Test Cases/SuccessfulLogin: Test Cases/SuccessfulLogin

05-07-2025T17:31:24 - [TEST_STEP][PASSED] - openBrowser(""): Browser is opened with url: ''

05-07-2025T17:31:24 - [MESSAGE][WARNING] - A browser is already opened. Closing browser and opening a new one

05-07-2025T17:31:26 - [MESSAGE][INFO] - Starting 'Edge Chromium' driver

05-07-2025T17:31:26 - [MESSAGE][INFO] - Action delay is set to 0 milliseconds

05-07-2025T17:31:32 - [MESSAGE][PASSED] - Browser is opened with url: ''

05-07-2025T17:31:32 - [TEST_STEP][PASSED] - navigateToUrl("https://www.saucedemo.com/"): Navigate to 'https://www.saucedemo.com/' successfully

05-07-2025T17:31:33 - [MESSAGE][PASSED] - Navigate to 'https://www.saucedemo.com/' successfully

05-07-2025T17:31:33 - [TEST_STEP][PASSED] - setText(findTestObject("Object Repository/SuccessfulLogin/Page_Swag Labs/input_Swag Labs_user-name"), "standard_user"): Text 'standard_user' is set on object 'Object Repository/SuccessfulLogin/Page_Swag Labs/input_Swag Labs_user-name'

05-07-2025T17:31:36 - [MESSAGE][PASSED] - Text 'standard_user' is set on object 'Object Repository/SuccessfulLogin/Page_Swag Labs/input_Swag Labs_user-name'

05-07-2025T17:31:36 - [TEST_STEP][PASSED] - setEncryptedText(findTestObject("Object Repository/SuccessfulLogin/Page_Swag Labs/input_Swag Labs_password"), "qcu24s4901FyWDTwXGr6XA=="): Text ****** has been set on object 'Object Repository/SuccessfulLogin/Page_Swag Labs/input_Swag Labs_password'

05-07-2025T17:31:36 - [MESSAGE][PASSED] - Text ****** has been set on object 'Object Repository/SuccessfulLogin/Page_Swag Labs/input_Swag Labs_password'

05-07-2025T17:31:36 - [TEST_STEP][PASSED] - click(findTestObject("Object Repository/SuccessfulLogin/Page_Swag Labs/input_Swag Labs_login-button")): Object: 'Object Repository/SuccessfulLogin/Page_Swag Labs/input_Swag Labs_login-button' is clicked on

05-07-2025T17:31:37 - [MESSAGE][PASSED] - Object: 'Object Repository/SuccessfulLogin/Page_Swag Labs/input_Swag Labs_login-button' is clicked on

05-07-2025T17:31:37 - [TEST_STEP][PASSED] - currentUrl = getUrl(STOP_ON_FAILURE): Current window's url is: 'https://www.saucedemo.com/inventory.html'

05-07-2025T17:31:37 - [MESSAGE][PASSED] - Current window's url is: 'https://www.saucedemo.com/inventory.html'

05-07-2025T17:31:37 - [TEST_STEP][PASSED] - verifyMatch(currentUrl, ".*/inventory.html", true): Actual text 'https://www.saucedemo.com/inventory.html' and expected text '.*/inventory.html' are matched  using regular expression

05-07-2025T17:31:37 - [MESSAGE][PASSED] - Actual text 'https://www.saucedemo.com/inventory.html' and expected text '.*/inventory.html' are matched  using regular expression

05-07-2025T17:31:37 - [TEST_STEP][PASSED] - click(findTestObject("Object Repository/SuccessfulLogin/Page_Swag Labs/div_ProductsName (A to Z)Name (A to Z)Name _30bf04")): Object: 'Object Repository/SuccessfulLogin/Page_Swag Labs/div_ProductsName (A to Z)Name (A to Z)Name _30bf04' is clicked on

05-07-2025T17:31:37 - [MESSAGE][PASSED] - Object: 'Object Repository/SuccessfulLogin/Page_Swag Labs/div_ProductsName (A to Z)Name (A to Z)Name _30bf04' is clicked on

05-07-2025T17:31:37 - [TEST_STEP][PASSED] - click(findTestObject("Object Repository/SuccessfulLogin/Page_Swag Labs/span_Products")): Object: 'Object Repository/SuccessfulLogin/Page_Swag Labs/span_Products' is clicked on

05-07-2025T17:31:38 - [MESSAGE][PASSED] - Object: 'Object Repository/SuccessfulLogin/Page_Swag Labs/span_Products' is clicked on

05-07-2025T17:31:38 - [TEST_STEP][PASSED] - verifyElementText(findTestObject("SuccessfulLogin/Page_Swag Labs/span_Products"), "Products"): Actual text and expected text of test object 'Object Repository/SuccessfulLogin/Page_Swag Labs/span_Products' are matched.

05-07-2025T17:31:38 - [MESSAGE][PASSED] - Actual text and expected text of test object 'Object Repository/SuccessfulLogin/Page_Swag Labs/span_Products' are matched.

05-07-2025T17:31:38 - [TEST_STEP][PASSED] - verifyElementVisible(findTestObject("SuccessfulLogin/Page_Swag Labs/span_Products")): Object 'Object Repository/SuccessfulLogin/Page_Swag Labs/span_Products' is visible

05-07-2025T17:31:39 - [MESSAGE][PASSED] - Object 'Object Repository/SuccessfulLogin/Page_Swag Labs/span_Products' is visible]]></system-out>
         <system-err><![CDATA[]]></system-err>
      </testcase>
      <testcase name="Test Cases/FailedLogin" time="176.067" classname="Test Cases/FailedLogin" status="PASSED">
         <system-out><![CDATA[05-07-2025T17:31:39 - [TEST_CASE][PASSED] - Test Cases/FailedLogin: Test Cases/FailedLogin

05-07-2025T17:31:39 - [TEST_STEP][PASSED] - openBrowser(""): Browser is opened with url: ''

05-07-2025T17:31:39 - [MESSAGE][WARNING] - A browser is already opened. Closing browser and opening a new one

05-07-2025T17:31:41 - [MESSAGE][INFO] - Starting 'Edge Chromium' driver

05-07-2025T17:31:41 - [MESSAGE][INFO] - Action delay is set to 0 milliseconds

05-07-2025T17:31:43 - [MESSAGE][PASSED] - Browser is opened with url: ''

05-07-2025T17:31:43 - [TEST_STEP][PASSED] - navigateToUrl("https://www.saucedemo.com/"): Navigate to 'https://www.saucedemo.com/' successfully

05-07-2025T17:31:44 - [MESSAGE][PASSED] - Navigate to 'https://www.saucedemo.com/' successfully

05-07-2025T17:31:44 - [TEST_STEP][PASSED] - setText(findTestObject("Object Repository/FailedLogin/Page_Swag Labs/input_Swag Labs_user-name"), "locked_out_user"): Text 'locked_out_user' is set on object 'Object Repository/FailedLogin/Page_Swag Labs/input_Swag Labs_user-name'

05-07-2025T17:31:46 - [MESSAGE][PASSED] - Text 'locked_out_user' is set on object 'Object Repository/FailedLogin/Page_Swag Labs/input_Swag Labs_user-name'

05-07-2025T17:31:46 - [TEST_STEP][PASSED] - setEncryptedText(findTestObject("Object Repository/FailedLogin/Page_Swag Labs/input_Swag Labs_password"), "qcu24s4901FyWDTwXGr6XA=="): Text ****** has been set on object 'Object Repository/FailedLogin/Page_Swag Labs/input_Swag Labs_password'

05-07-2025T17:31:46 - [MESSAGE][PASSED] - Text ****** has been set on object 'Object Repository/FailedLogin/Page_Swag Labs/input_Swag Labs_password'

05-07-2025T17:31:46 - [TEST_STEP][PASSED] - click(findTestObject("Object Repository/FailedLogin/Page_Swag Labs/input_Swag Labs_login-button")): Object: 'Object Repository/FailedLogin/Page_Swag Labs/input_Swag Labs_login-button' is clicked on

05-07-2025T17:31:47 - [MESSAGE][PASSED] - Object: 'Object Repository/FailedLogin/Page_Swag Labs/input_Swag Labs_login-button' is clicked on

05-07-2025T17:31:47 - [TEST_STEP][PASSED] - click(findTestObject("Object Repository/FailedLogin/Page_Swag Labs/h3_Epic sadface Sorry, this user has been l_a91fd7")): Object: 'Object Repository/FailedLogin/Page_Swag Labs/h3_Epic sadface Sorry, this user has been l_a91fd7' is clicked on

05-07-2025T17:32:17 - [MESSAGE][PASSED] - Object: 'Object Repository/FailedLogin/Page_Swag Labs/h3_Epic sadface Sorry, this user has been l_a91fd7' is clicked on

05-07-2025T17:32:17 - [TEST_STEP][PASSED] - errorText = getText(findTestObject("FailedLogin/Page_Swag Labs/h3_Epic sadface Sorry, this user has been l_a91fd7")): Text of object 'Object Repository/FailedLogin/Page_Swag Labs/h3_Epic sadface Sorry, this user has been l_a91fd7' is: 'Epic sadface: Sorry, this user has been locked out.'

05-07-2025T17:32:47 - [MESSAGE][PASSED] - Text of object 'Object Repository/FailedLogin/Page_Swag Labs/h3_Epic sadface Sorry, this user has been l_a91fd7' is: 'Epic sadface: Sorry, this user has been locked out.'

05-07-2025T17:32:47 - [TEST_STEP][PASSED] - println(errorText): null

05-07-2025T17:32:47 - [TEST_STEP][PASSED] - verifyMatch(errorText, "Epic sadface: Sorry, this user has been locked out.", true): Actual text 'Epic sadface: Sorry, this user has been locked out.' and expected text 'Epic sadface: Sorry, this user has been locked out.' are matched  using regular expression

05-07-2025T17:32:47 - [MESSAGE][PASSED] - Actual text 'Epic sadface: Sorry, this user has been locked out.' and expected text 'Epic sadface: Sorry, this user has been locked out.' are matched  using regular expression

05-07-2025T17:32:47 - [TEST_STEP][PASSED] - click(findTestObject("Object Repository/FailedLogin/Page_Swag Labs/button_Epic sadface Sorry, this user has be_5ebff2")): Object: 'Object Repository/FailedLogin/Page_Swag Labs/button_Epic sadface Sorry, this user has be_5ebff2' is clicked on

05-07-2025T17:33:05 - [MESSAGE][PASSED] - Object: 'Object Repository/FailedLogin/Page_Swag Labs/button_Epic sadface Sorry, this user has be_5ebff2' is clicked on

05-07-2025T17:33:05 - [TEST_STEP][PASSED] - click(findTestObject("Object Repository/FailedLogin/Page_Swag Labs/input_Swag Labs_login-button")): Object: 'Object Repository/FailedLogin/Page_Swag Labs/input_Swag Labs_login-button' is clicked on

05-07-2025T17:33:34 - [MESSAGE][PASSED] - Object: 'Object Repository/FailedLogin/Page_Swag Labs/input_Swag Labs_login-button' is clicked on

05-07-2025T17:33:34 - [TEST_STEP][PASSED] - click(findTestObject("Object Repository/FailedLogin/Page_Swag Labs/h3_Epic sadface Sorry, this user has been l_a91fd7")): Object: 'Object Repository/FailedLogin/Page_Swag Labs/h3_Epic sadface Sorry, this user has been l_a91fd7' is clicked on

05-07-2025T17:34:05 - [MESSAGE][PASSED] - Object: 'Object Repository/FailedLogin/Page_Swag Labs/h3_Epic sadface Sorry, this user has been l_a91fd7' is clicked on

05-07-2025T17:34:05 - [TEST_STEP][PASSED] - click(findTestObject("Object Repository/FailedLogin/Page_Swag Labs/svg_Epic sadface Sorry, this user has been _2c0cce")): Object: 'Object Repository/FailedLogin/Page_Swag Labs/svg_Epic sadface Sorry, this user has been _2c0cce' is clicked on

05-07-2025T17:34:35 - [MESSAGE][PASSED] - Object: 'Object Repository/FailedLogin/Page_Swag Labs/svg_Epic sadface Sorry, this user has been _2c0cce' is clicked on]]></system-out>
         <system-err><![CDATA[]]></system-err>
      </testcase>
      <system-out><![CDATA[05-07-2025T17:31:02 - [TEST_SUITE][PASSED] - Login and Logout: Test Cases/FailedLogin]]></system-out>
      <system-err><![CDATA[]]></system-err>
   </testsuite>
</testsuites>
