<?xml version="1.0" encoding="UTF-8"?>
<testsuites name="UI and Robustness Checks" time="74.202" tests="3" failures="0" errors="0">
   <testsuite name="UI and Robustness Checks" tests="3" failures="0" errors="0" time="74.202" skipped="0" timestamp="05-07-2025T17:27:53" hostname="Local_ - MSI" id="Test Suites/UI and Robustness Checks">
      <properties>
         <property name="deviceName" value=""/>
         <property name="devicePlatform"/>
         <property name="logFolder" value="C:\\Users\\Local_\\OneDrive - RMIT University\\Semester folders\\2025_Sem_2\\Software_Testing\\KatalonProjects\\SoftwareTestSemB2025\\Reports\\20250705_172737\\UI and Robustness Checks\\20250705_172737"/>
         <property name="logFiles" value="C:\\Users\\Local_\\OneDrive - RMIT University\\Semester folders\\2025_Sem_2\\Software_Testing\\KatalonProjects\\SoftwareTestSemB2025\\Reports\\20250705_172737\\UI and Robustness Checks\\20250705_172737\\console0.log, C:\\Users\\Local_\\OneDrive - RMIT University\\Semester folders\\2025_Sem_2\\Software_Testing\\KatalonProjects\\SoftwareTestSemB2025\\Reports\\20250705_172737\\UI and Robustness Checks\\20250705_172737\\execution0.log"/>
         <property name="attachments" value=""/>
         <property name="hostName" value="Local_ - MSI"/>
         <property name="os" value="Windows 10 64bit"/>
         <property name="katalonVersion" value="10.2.2.0"/>
         <property name="browser" value="Edge Chromium 138.0.3351.65"/>
         <property name="userFullName" value="Tran Kiem Phuc"/>
         <property name="hostAddress" value="192.168.56.1"/>
         <property name="sessionId" value="65a07e576d1f99c2b9f860405d091118"/>
         <property name="projectName" value="PracticalTrainning"/>
         <property name="seleniumVersion" value="4.28.1"/>
         <property name="proxyInformation" value="ProxyInformation { proxyOption=NO_PROXY, proxyServerType=HTTP, username=, password=********, proxyServerAddress=, proxyServerPort=0, executionList=&quot;&quot;, isApplyToDesiredCapabilities=true }"/>
         <property name="platform" value="Windows 10"/>
      </properties>
      <testcase name="Test Cases/BrokenObject" time="45.45" classname="Test Cases/BrokenObject" status="PASSED">
         <system-out><![CDATA[05-07-2025T17:27:56 - [TEST_CASE][PASSED] - Test Cases/BrokenObject: Test Cases/BrokenObject

05-07-2025T17:27:58 - [TEST_STEP][PASSED] - openBrowser(""): Browser is opened with url: ''

05-07-2025T17:27:59 - [MESSAGE][INFO] - Starting 'Edge Chromium' driver

05-07-2025T17:28:00 - [MESSAGE][INFO] - Action delay is set to 0 milliseconds

05-07-2025T17:28:06 - [MESSAGE][PASSED] - Browser is opened with url: ''

05-07-2025T17:28:06 - [TEST_STEP][PASSED] - navigateToUrl("https://www.saucedemo.com/"): Navigate to 'https://www.saucedemo.com/' successfully

05-07-2025T17:28:07 - [MESSAGE][PASSED] - Navigate to 'https://www.saucedemo.com/' successfully

05-07-2025T17:28:07 - [TEST_STEP][PASSED] - setText(findTestObject("Object Repository/BrokenObject/Page_Swag Labs/input_Swag Labs_user-name"), "standard_user"): Text 'standard_user' is set on object 'Object Repository/BrokenObject/Page_Swag Labs/input_Swag Labs_user-name'

05-07-2025T17:28:09 - [MESSAGE][PASSED] - Text 'standard_user' is set on object 'Object Repository/BrokenObject/Page_Swag Labs/input_Swag Labs_user-name'

05-07-2025T17:28:09 - [TEST_STEP][PASSED] - setEncryptedText(findTestObject("Object Repository/BrokenObject/Page_Swag Labs/input_Swag Labs_password"), "qcu24s4901FyWDTwXGr6XA=="): Text ****** has been set on object 'Object Repository/BrokenObject/Page_Swag Labs/input_Swag Labs_password'

05-07-2025T17:28:10 - [MESSAGE][PASSED] - Text ****** has been set on object 'Object Repository/BrokenObject/Page_Swag Labs/input_Swag Labs_password'

05-07-2025T17:28:10 - [TEST_STEP][PASSED] - click(findTestObject("Object Repository/BrokenObject/Page_Swag Labs/input_Swag Labs_login-button")): Object: 'Object Repository/BrokenObject/Page_Swag Labs/input_Swag Labs_login-button' is clicked on

05-07-2025T17:28:41 - [MESSAGE][INFO] - Unable to find the element located by 'By.xpath: //input[@id='login-button2']'. Please recheck the objects properties to make sure the desired element is located. 

05-07-2025T17:28:41 - [MESSAGE][WARNING] - [SELF-HEALING] Failed to find element with id 'Object Repository/BrokenObject/Page_Swag Labs/input_Swag Labs_login-button'. Try using Self-healing.

05-07-2025T17:28:41 - [MESSAGE][WARNING] - [SELF-HEALING] The current locator of test object 'Object Repository/BrokenObject/Page_Swag Labs/input_Swag Labs_login-button' was broken. Propose an alternative one: '//input[@id='login-button']'.

05-07-2025T17:28:41 - [MESSAGE][PASSED] - Object: 'Object Repository/BrokenObject/Page_Swag Labs/input_Swag Labs_login-button' is clicked on]]></system-out>
         <system-err><![CDATA[]]></system-err>
      </testcase>
      <testcase name="Test Cases/CompleteCheckout" time="14.311" classname="Test Cases/CompleteCheckout" status="PASSED">
         <system-out><![CDATA[05-07-2025T17:28:41 - [TEST_CASE][PASSED] - Test Cases/CompleteCheckout: Test Cases/CompleteCheckout

05-07-2025T17:28:42 - [TEST_STEP][PASSED] - openBrowser(""): Browser is opened with url: ''

05-07-2025T17:28:42 - [MESSAGE][WARNING] - A browser is already opened. Closing browser and opening a new one

05-07-2025T17:28:43 - [MESSAGE][INFO] - Starting 'Edge Chromium' driver

05-07-2025T17:28:43 - [MESSAGE][INFO] - Action delay is set to 0 milliseconds

05-07-2025T17:28:45 - [MESSAGE][PASSED] - Browser is opened with url: ''

05-07-2025T17:28:45 - [TEST_STEP][PASSED] - navigateToUrl("https://www.saucedemo.com/"): Navigate to 'https://www.saucedemo.com/' successfully

05-07-2025T17:28:46 - [MESSAGE][PASSED] - Navigate to 'https://www.saucedemo.com/' successfully

05-07-2025T17:28:46 - [TEST_STEP][PASSED] - setText(findTestObject("Object Repository/CompleteCheckout/Page_Swag Labs/input_Swag Labs_user-name"), "standard_user"): Text 'standard_user' is set on object 'Object Repository/CompleteCheckout/Page_Swag Labs/input_Swag Labs_user-name'

05-07-2025T17:28:48 - [MESSAGE][PASSED] - Text 'standard_user' is set on object 'Object Repository/CompleteCheckout/Page_Swag Labs/input_Swag Labs_user-name'

05-07-2025T17:28:48 - [TEST_STEP][PASSED] - setEncryptedText(findTestObject("Object Repository/CompleteCheckout/Page_Swag Labs/input_Swag Labs_password"), "qcu24s4901FyWDTwXGr6XA=="): Text ****** has been set on object 'Object Repository/CompleteCheckout/Page_Swag Labs/input_Swag Labs_password'

05-07-2025T17:28:49 - [MESSAGE][PASSED] - Text ****** has been set on object 'Object Repository/CompleteCheckout/Page_Swag Labs/input_Swag Labs_password'

05-07-2025T17:28:49 - [TEST_STEP][PASSED] - sendKeys(findTestObject("Object Repository/CompleteCheckout/Page_Swag Labs/input_Swag Labs_password"), Keys.chord(ENTER)): Keys 'ENTER + ' sent to object: 'Object Repository/CompleteCheckout/Page_Swag Labs/input_Swag Labs_password'

05-07-2025T17:28:49 - [MESSAGE][PASSED] - Keys 'ENTER + ' sent to object: 'Object Repository/CompleteCheckout/Page_Swag Labs/input_Swag Labs_password'

05-07-2025T17:28:49 - [TEST_STEP][PASSED] - click(findTestObject("Object Repository/CompleteCheckout/Page_Swag Labs/button_Add to cart")): Object: 'Object Repository/CompleteCheckout/Page_Swag Labs/button_Add to cart' is clicked on

05-07-2025T17:28:49 - [MESSAGE][PASSED] - Object: 'Object Repository/CompleteCheckout/Page_Swag Labs/button_Add to cart' is clicked on

05-07-2025T17:28:49 - [TEST_STEP][PASSED] - click(findTestObject("Object Repository/CompleteCheckout/Page_Swag Labs/a_1")): Object: 'Object Repository/CompleteCheckout/Page_Swag Labs/a_1' is clicked on

05-07-2025T17:28:50 - [MESSAGE][PASSED] - Object: 'Object Repository/CompleteCheckout/Page_Swag Labs/a_1' is clicked on

05-07-2025T17:28:50 - [TEST_STEP][PASSED] - click(findTestObject("Object Repository/CompleteCheckout/Page_Swag Labs/button_Checkout")): Object: 'Object Repository/CompleteCheckout/Page_Swag Labs/button_Checkout' is clicked on

05-07-2025T17:28:51 - [MESSAGE][PASSED] - Object: 'Object Repository/CompleteCheckout/Page_Swag Labs/button_Checkout' is clicked on

05-07-2025T17:28:51 - [TEST_STEP][PASSED] - setText(findTestObject("Object Repository/CompleteCheckout/Page_Swag Labs/input_Checkout Your Information_firstName"), "John"): Text 'John' is set on object 'Object Repository/CompleteCheckout/Page_Swag Labs/input_Checkout Your Information_firstName'

05-07-2025T17:28:51 - [MESSAGE][PASSED] - Text 'John' is set on object 'Object Repository/CompleteCheckout/Page_Swag Labs/input_Checkout Your Information_firstName'

05-07-2025T17:28:51 - [TEST_STEP][PASSED] - setText(findTestObject("Object Repository/CompleteCheckout/Page_Swag Labs/input_Checkout Your Information_lastName"), "Doe"): Text 'Doe' is set on object 'Object Repository/CompleteCheckout/Page_Swag Labs/input_Checkout Your Information_lastName'

05-07-2025T17:28:52 - [MESSAGE][PASSED] - Text 'Doe' is set on object 'Object Repository/CompleteCheckout/Page_Swag Labs/input_Checkout Your Information_lastName'

05-07-2025T17:28:52 - [TEST_STEP][PASSED] - setText(findTestObject("Object Repository/CompleteCheckout/Page_Swag Labs/input_Checkout Your Information_postalCode"), "12345"): Text '12345' is set on object 'Object Repository/CompleteCheckout/Page_Swag Labs/input_Checkout Your Information_postalCode'

05-07-2025T17:28:53 - [MESSAGE][PASSED] - Text '12345' is set on object 'Object Repository/CompleteCheckout/Page_Swag Labs/input_Checkout Your Information_postalCode'

05-07-2025T17:28:53 - [TEST_STEP][PASSED] - click(findTestObject("Object Repository/CompleteCheckout/Page_Swag Labs/input_Cancel_continue")): Object: 'Object Repository/CompleteCheckout/Page_Swag Labs/input_Cancel_continue' is clicked on

05-07-2025T17:28:54 - [MESSAGE][PASSED] - Object: 'Object Repository/CompleteCheckout/Page_Swag Labs/input_Cancel_continue' is clicked on

05-07-2025T17:28:54 - [TEST_STEP][PASSED] - click(findTestObject("Object Repository/CompleteCheckout/Page_Swag Labs/button_Finish")): Object: 'Object Repository/CompleteCheckout/Page_Swag Labs/button_Finish' is clicked on

05-07-2025T17:28:54 - [MESSAGE][PASSED] - Object: 'Object Repository/CompleteCheckout/Page_Swag Labs/button_Finish' is clicked on

05-07-2025T17:28:54 - [TEST_STEP][PASSED] - click(findTestObject("Object Repository/CompleteCheckout/Page_Swag Labs/h2_Thank you for your order")): Object: 'Object Repository/CompleteCheckout/Page_Swag Labs/h2_Thank you for your order' is clicked on

05-07-2025T17:28:55 - [MESSAGE][PASSED] - Object: 'Object Repository/CompleteCheckout/Page_Swag Labs/h2_Thank you for your order' is clicked on

05-07-2025T17:28:55 - [TEST_STEP][PASSED] - click(findTestObject("Object Repository/CompleteCheckout/Page_Swag Labs/div_Your order has been dispatched, and wil_39390f")): Object: 'Object Repository/CompleteCheckout/Page_Swag Labs/div_Your order has been dispatched, and wil_39390f' is clicked on

05-07-2025T17:28:55 - [MESSAGE][PASSED] - Object: 'Object Repository/CompleteCheckout/Page_Swag Labs/div_Your order has been dispatched, and wil_39390f' is clicked on

05-07-2025T17:28:55 - [TEST_STEP][PASSED] - click(findTestObject("Object Repository/CompleteCheckout/Page_Swag Labs/img_Checkout Complete_pony_express")): Object: 'Object Repository/CompleteCheckout/Page_Swag Labs/img_Checkout Complete_pony_express' is clicked on

05-07-2025T17:28:55 - [MESSAGE][PASSED] - Object: 'Object Repository/CompleteCheckout/Page_Swag Labs/img_Checkout Complete_pony_express' is clicked on

05-07-2025T17:28:55 - [TEST_STEP][PASSED] - message = getText(findTestObject("CompleteCheckout/Page_Swag Labs/h2_Thank you for your order")): Text of object 'Object Repository/CompleteCheckout/Page_Swag Labs/h2_Thank you for your order' is: 'Thank you for your order!'

05-07-2025T17:28:56 - [MESSAGE][PASSED] - Text of object 'Object Repository/CompleteCheckout/Page_Swag Labs/h2_Thank you for your order' is: 'Thank you for your order!'

05-07-2025T17:28:56 - [TEST_STEP][PASSED] - verifyMatch(message, "Thank you for your order!", true): Actual text 'Thank you for your order!' and expected text 'Thank you for your order!' are matched  using regular expression

05-07-2025T17:28:56 - [MESSAGE][PASSED] - Actual text 'Thank you for your order!' and expected text 'Thank you for your order!' are matched  using regular expression]]></system-out>
         <system-err><![CDATA[]]></system-err>
      </testcase>
      <testcase name="Test Cases/CheckoutValidationError" time="11.502" classname="Test Cases/CheckoutValidationError" status="PASSED">
         <system-out><![CDATA[05-07-2025T17:28:56 - [TEST_CASE][PASSED] - Test Cases/CheckoutValidationError: Test Cases/CheckoutValidationError

05-07-2025T17:28:56 - [TEST_STEP][PASSED] - openBrowser(""): Browser is opened with url: ''

05-07-2025T17:28:56 - [MESSAGE][WARNING] - A browser is already opened. Closing browser and opening a new one

05-07-2025T17:28:57 - [MESSAGE][INFO] - Starting 'Edge Chromium' driver

05-07-2025T17:28:57 - [MESSAGE][INFO] - Action delay is set to 0 milliseconds

05-07-2025T17:28:59 - [MESSAGE][PASSED] - Browser is opened with url: ''

05-07-2025T17:28:59 - [TEST_STEP][PASSED] - navigateToUrl("https://www.saucedemo.com/"): Navigate to 'https://www.saucedemo.com/' successfully

05-07-2025T17:29:00 - [MESSAGE][PASSED] - Navigate to 'https://www.saucedemo.com/' successfully

05-07-2025T17:29:00 - [TEST_STEP][PASSED] - click(findTestObject("Object Repository/CheckoutValidationError/Page_Swag Labs/div_Swag Labs_login_button_container")): Object: 'Object Repository/CheckoutValidationError/Page_Swag Labs/div_Swag Labs_login_button_container' is clicked on

05-07-2025T17:29:02 - [MESSAGE][PASSED] - Object: 'Object Repository/CheckoutValidationError/Page_Swag Labs/div_Swag Labs_login_button_container' is clicked on

05-07-2025T17:29:02 - [TEST_STEP][PASSED] - setText(findTestObject("Object Repository/CheckoutValidationError/Page_Swag Labs/input_Swag Labs_user-name"), "standard_user"): Text 'standard_user' is set on object 'Object Repository/CheckoutValidationError/Page_Swag Labs/input_Swag Labs_user-name'

05-07-2025T17:29:03 - [MESSAGE][PASSED] - Text 'standard_user' is set on object 'Object Repository/CheckoutValidationError/Page_Swag Labs/input_Swag Labs_user-name'

05-07-2025T17:29:03 - [TEST_STEP][PASSED] - setEncryptedText(findTestObject("Object Repository/CheckoutValidationError/Page_Swag Labs/input_Swag Labs_password"), "qcu24s4901FyWDTwXGr6XA=="): Text ****** has been set on object 'Object Repository/CheckoutValidationError/Page_Swag Labs/input_Swag Labs_password'

05-07-2025T17:29:03 - [MESSAGE][PASSED] - Text ****** has been set on object 'Object Repository/CheckoutValidationError/Page_Swag Labs/input_Swag Labs_password'

05-07-2025T17:29:03 - [TEST_STEP][PASSED] - sendKeys(findTestObject("Object Repository/CheckoutValidationError/Page_Swag Labs/input_Swag Labs_password"), Keys.chord(ENTER)): Keys 'ENTER + ' sent to object: 'Object Repository/CheckoutValidationError/Page_Swag Labs/input_Swag Labs_password'

05-07-2025T17:29:03 - [MESSAGE][PASSED] - Keys 'ENTER + ' sent to object: 'Object Repository/CheckoutValidationError/Page_Swag Labs/input_Swag Labs_password'

05-07-2025T17:29:03 - [TEST_STEP][PASSED] - click(findTestObject("Object Repository/CheckoutValidationError/Page_Swag Labs/button_Add to cart")): Object: 'Object Repository/CheckoutValidationError/Page_Swag Labs/button_Add to cart' is clicked on

05-07-2025T17:29:04 - [MESSAGE][PASSED] - Object: 'Object Repository/CheckoutValidationError/Page_Swag Labs/button_Add to cart' is clicked on

05-07-2025T17:29:04 - [TEST_STEP][PASSED] - click(findTestObject("Object Repository/CheckoutValidationError/Page_Swag Labs/a_1")): Object: 'Object Repository/CheckoutValidationError/Page_Swag Labs/a_1' is clicked on

05-07-2025T17:29:04 - [MESSAGE][PASSED] - Object: 'Object Repository/CheckoutValidationError/Page_Swag Labs/a_1' is clicked on

05-07-2025T17:29:04 - [TEST_STEP][PASSED] - click(findTestObject("Object Repository/CheckoutValidationError/Page_Swag Labs/button_Checkout")): Object: 'Object Repository/CheckoutValidationError/Page_Swag Labs/button_Checkout' is clicked on

05-07-2025T17:29:05 - [MESSAGE][PASSED] - Object: 'Object Repository/CheckoutValidationError/Page_Swag Labs/button_Checkout' is clicked on

05-07-2025T17:29:05 - [TEST_STEP][PASSED] - click(findTestObject("Object Repository/CheckoutValidationError/Page_Swag Labs/input_Cancel_continue")): Object: 'Object Repository/CheckoutValidationError/Page_Swag Labs/input_Cancel_continue' is clicked on

05-07-2025T17:29:06 - [MESSAGE][PASSED] - Object: 'Object Repository/CheckoutValidationError/Page_Swag Labs/input_Cancel_continue' is clicked on

05-07-2025T17:29:06 - [TEST_STEP][PASSED] - click(findTestObject("Object Repository/CheckoutValidationError/Page_Swag Labs/h3_Error First Name is required")): Object: 'Object Repository/CheckoutValidationError/Page_Swag Labs/h3_Error First Name is required' is clicked on

05-07-2025T17:29:06 - [MESSAGE][PASSED] - Object: 'Object Repository/CheckoutValidationError/Page_Swag Labs/h3_Error First Name is required' is clicked on

05-07-2025T17:29:06 - [TEST_STEP][PASSED] - h3Error = getText(findTestObject("Object Repository/CheckoutValidationError/Page_Swag Labs/h3_Error First Name is required")): Text of object 'Object Repository/CheckoutValidationError/Page_Swag Labs/h3_Error First Name is required' is: 'Error: First Name is required'

05-07-2025T17:29:06 - [MESSAGE][PASSED] - Text of object 'Object Repository/CheckoutValidationError/Page_Swag Labs/h3_Error First Name is required' is: 'Error: First Name is required'

05-07-2025T17:29:06 - [TEST_STEP][PASSED] - click(findTestObject("Object Repository/CheckoutValidationError/Page_Swag Labs/div_Error First Name is required")): Object: 'Object Repository/CheckoutValidationError/Page_Swag Labs/div_Error First Name is required' is clicked on

05-07-2025T17:29:07 - [MESSAGE][PASSED] - Object: 'Object Repository/CheckoutValidationError/Page_Swag Labs/div_Error First Name is required' is clicked on

05-07-2025T17:29:07 - [TEST_STEP][PASSED] - divError = getText(findTestObject("Object Repository/CheckoutValidationError/Page_Swag Labs/h3_Error First Name is required")): Text of object 'Object Repository/CheckoutValidationError/Page_Swag Labs/h3_Error First Name is required' is: 'Error: First Name is required'

05-07-2025T17:29:07 - [MESSAGE][PASSED] - Text of object 'Object Repository/CheckoutValidationError/Page_Swag Labs/h3_Error First Name is required' is: 'Error: First Name is required'

05-07-2025T17:29:07 - [TEST_STEP][PASSED] - click(findTestObject("Object Repository/CheckoutValidationError/Page_Swag Labs/button_Error First Name is required_error-button")): Object: 'Object Repository/CheckoutValidationError/Page_Swag Labs/button_Error First Name is required_error-button' is clicked on

05-07-2025T17:29:07 - [MESSAGE][PASSED] - Object: 'Object Repository/CheckoutValidationError/Page_Swag Labs/button_Error First Name is required_error-button' is clicked on

05-07-2025T17:29:07 - [TEST_STEP][PASSED] - verifyMatch(h3Error, "Error: First Name is required", true): Actual text 'Error: First Name is required' and expected text 'Error: First Name is required' are matched  using regular expression

05-07-2025T17:29:07 - [MESSAGE][PASSED] - Actual text 'Error: First Name is required' and expected text 'Error: First Name is required' are matched  using regular expression

05-07-2025T17:29:07 - [TEST_STEP][PASSED] - println(h3Error): null

05-07-2025T17:29:07 - [TEST_STEP][PASSED] - println(divError): null

05-07-2025T17:29:07 - [TEST_STEP][PASSED] - verifyMatch(divError, "Error: First Name is required", true): Actual text 'Error: First Name is required' and expected text 'Error: First Name is required' are matched  using regular expression

05-07-2025T17:29:07 - [MESSAGE][PASSED] - Actual text 'Error: First Name is required' and expected text 'Error: First Name is required' are matched  using regular expression]]></system-out>
         <system-err><![CDATA[]]></system-err>
      </testcase>
      <system-out><![CDATA[05-07-2025T17:27:53 - [TEST_SUITE][PASSED] - UI and Robustness Checks: Test Cases/CheckoutValidationError]]></system-out>
      <system-err><![CDATA[]]></system-err>
   </testsuite>
</testsuites>
